# JRE version: Java(TM) SE Runtime Environment (8.0_111-b14) (build 1.8.0_111-b14)
# Java VM: Java HotSpot(TM) 64-Bit Server VM (25.111-b14 mixed mode windows-amd64 compressed oops)
Heap:
 PSYoungGen      total 81408K, used 2075K [0x00000000eb400000, 0x00000000f1380000, 0x0000000100000000)
  eden space 78848K, 0% used [0x00000000eb400000,0x00000000eb400000,0x00000000f0100000)
  from space 2560K, 81% used [0x00000000f1100000,0x00000000f1306e70,0x00000000f1380000)
  to   space 8192K, 0% used [0x00000000f0380000,0x00000000f0380000,0x00000000f0b80000)
 ParOldGen       total 58368K, used 20714K [0x00000000c1c00000, 0x00000000c5500000, 0x00000000eb400000)
  object space 58368K, 35% used [0x00000000c1c00000,0x00000000c303aab8,0x00000000c5500000)
 Metaspace       used 39433K, capacity 40092K, committed 40280K, reserved 1087488K
  class space    used 5488K, capacity 5721K, committed 5760K, reserved 1048576K
GC Heap History (10 events):
Event: 20.699 GC heap after
Heap after GC invocations=11 (full 1):
 PSYoungGen      total 51200K, used 3871K [0x00000000eb400000, 0x00000000eed80000, 0x0000000100000000)
  eden space 45568K, 0% used [0x00000000eb400000,0x00000000eb400000,0x00000000ee080000)
  from space 5632K, 68% used [0x00000000ee800000,0x00000000eebc7f48,0x00000000eed80000)
  to   space 6656K, 0% used [0x00000000ee080000,0x00000000ee080000,0x00000000ee700000)
 ParOldGen       total 36352K, used 10596K [0x00000000c1c00000, 0x00000000c3f80000, 0x00000000eb400000)
  object space 36352K, 29% used [0x00000000c1c00000,0x00000000c2659298,0x00000000c3f80000)
 Metaspace       used 26503K, capacity 26928K, committed 27264K, reserved 1073152K
  class space    used 3722K, capacity 3892K, committed 3968K, reserved 1048576K
}
Event: 34.261 GC heap before
{Heap before GC invocations=12 (full 1):
 PSYoungGen      total 51200K, used 49439K [0x00000000eb400000, 0x00000000eed80000, 0x0000000100000000)
  eden space 45568K, 100% used [0x00000000eb400000,0x00000000ee080000,0x00000000ee080000)
  from space 5632K, 68% used [0x00000000ee800000,0x00000000eebc7f48,0x00000000eed80000)
  to   space 6656K, 0% used [0x00000000ee080000,0x00000000ee080000,0x00000000ee700000)
 ParOldGen       total 36352K, used 10596K [0x00000000c1c00000, 0x00000000c3f80000, 0x00000000eb400000)
  object space 36352K, 29% used [0x00000000c1c00000,0x00000000c2659298,0x00000000c3f80000)
 Metaspace       used 29557K, capacity 30042K, committed 30464K, reserved 1075200K
  class space    used 4088K, capacity 4252K, committed 4352K, reserved 1048576K
Event: 34.279 GC heap after
Heap after GC invocations=12 (full 1):
 PSYoungGen      total 52224K, used 4528K [0x00000000eb400000, 0x00000000efd80000, 0x0000000100000000)
  eden space 45568K, 0% used [0x00000000eb400000,0x00000000eb400000,0x00000000ee080000)
  from space 6656K, 68% used [0x00000000ee080000,0x00000000ee4ec130,0x00000000ee700000)
  to   space 6656K, 0% used [0x00000000ef700000,0x00000000ef700000,0x00000000efd80000)
 ParOldGen       total 36352K, used 12508K [0x00000000c1c00000, 0x00000000c3f80000, 0x00000000eb400000)
  object space 36352K, 34% used [0x00000000c1c00000,0x00000000c2837298,0x00000000c3f80000)
 Metaspace       used 29557K, capacity 30042K, committed 30464K, reserved 1075200K
  class space    used 4088K, capacity 4252K, committed 4352K, reserved 1048576K
}
Event: 38.384 GC heap before
{Heap before GC invocations=13 (full 1):
 PSYoungGen      total 52224K, used 50096K [0x00000000eb400000, 0x00000000efd80000, 0x0000000100000000)
  eden space 45568K, 100% used [0x00000000eb400000,0x00000000ee080000,0x00000000ee080000)
  from space 6656K, 68% used [0x00000000ee080000,0x00000000ee4ec130,0x00000000ee700000)
  to   space 6656K, 0% used [0x00000000ef700000,0x00000000ef700000,0x00000000efd80000)
 ParOldGen       total 36352K, used 12508K [0x00000000c1c00000, 0x00000000c3f80000, 0x00000000eb400000)
  object space 36352K, 34% used [0x00000000c1c00000,0x00000000c2837298,0x00000000c3f80000)
 Metaspace       used 31809K, capacity 32324K, committed 32768K, reserved 1077248K
  class space    used 4391K, capacity 4543K, committed 4608K, reserved 1048576K
Event: 38.495 GC heap after
Heap after GC invocations=13 (full 1):
 PSYoungGen      total 68608K, used 3394K [0x00000000eb400000, 0x00000000eff00000, 0x0000000100000000)
  eden space 61952K, 0% used [0x00000000eb400000,0x00000000eb400000,0x00000000ef080000)
  from space 6656K, 50% used [0x00000000ef700000,0x00000000efa50968,0x00000000efd80000)
  to   space 6656K, 0% used [0x00000000ef080000,0x00000000ef080000,0x00000000ef700000)
 ParOldGen       total 36352K, used 14711K [0x00000000c1c00000, 0x00000000c3f80000, 0x00000000eb400000)
  object space 36352K, 40% used [0x00000000c1c00000,0x00000000c2a5de18,0x00000000c3f80000)
 Metaspace       used 31809K, capacity 32324K, committed 32768K, reserved 1077248K
  class space    used 4391K, capacity 4543K, committed 4608K, reserved 1048576K
}
Event: 41.998 GC heap before
{Heap before GC invocations=14 (full 1):
 PSYoungGen      total 68608K, used 62366K [0x00000000eb400000, 0x00000000eff00000, 0x0000000100000000)
  eden space 61952K, 95% used [0x00000000eb400000,0x00000000eed97258,0x00000000ef080000)
  from space 6656K, 50% used [0x00000000ef700000,0x00000000efa50968,0x00000000efd80000)
  to   space 6656K, 0% used [0x00000000ef080000,0x00000000ef080000,0x00000000ef700000)
 ParOldGen       total 36352K, used 14711K [0x00000000c1c00000, 0x00000000c3f80000, 0x00000000eb400000)
  object space 36352K, 40% used [0x00000000c1c00000,0x00000000c2a5de18,0x00000000c3f80000)
 Metaspace       used 34565K, capacity 35202K, committed 35416K, reserved 1079296K
  class space    used 4756K, capacity 4962K, committed 4992K, reserved 1048576K
Event: 42.068 GC heap after
Heap after GC invocations=14 (full 1):
 PSYoungGen      total 68608K, used 6630K [0x00000000eb400000, 0x00000000f1900000, 0x0000000100000000)
  eden space 61952K, 0% used [0x00000000eb400000,0x00000000eb400000,0x00000000ef080000)
  from space 6656K, 99% used [0x00000000ef080000,0x00000000ef6f9aa0,0x00000000ef700000)
  to   space 8192K, 0% used [0x00000000f1100000,0x00000000f1100000,0x00000000f1900000)
 ParOldGen       total 36352K, used 17519K [0x00000000c1c00000, 0x00000000c3f80000, 0x00000000eb400000)
  object space 36352K, 48% used [0x00000000c1c00000,0x00000000c2d1bf78,0x00000000c3f80000)
 Metaspace       used 34565K, capacity 35202K, committed 35416K, reserved 1079296K
  class space    used 4756K, capacity 4962K, committed 4992K, reserved 1048576K
}
Event: 42.068 GC heap before
{Heap before GC invocations=15 (full 2):
 PSYoungGen      total 68608K, used 6630K [0x00000000eb400000, 0x00000000f1900000, 0x0000000100000000)
  eden space 61952K, 0% used [0x00000000eb400000,0x00000000eb400000,0x00000000ef080000)
  from space 6656K, 99% used [0x00000000ef080000,0x00000000ef6f9aa0,0x00000000ef700000)
  to   space 8192K, 0% used [0x00000000f1100000,0x00000000f1100000,0x00000000f1900000)
 ParOldGen       total 36352K, used 17519K [0x00000000c1c00000, 0x00000000c3f80000, 0x00000000eb400000)
  object space 36352K, 48% used [0x00000000c1c00000,0x00000000c2d1bf78,0x00000000c3f80000)
 Metaspace       used 34565K, capacity 35202K, committed 35416K, reserved 1079296K
  class space    used 4756K, capacity 4962K, committed 4992K, reserved 1048576K
Event: 42.687 GC heap after
Heap after GC invocations=15 (full 2):
 PSYoungGen      total 68608K, used 0K [0x00000000eb400000, 0x00000000f1900000, 0x0000000100000000)
  eden space 61952K, 0% used [0x00000000eb400000,0x00000000eb400000,0x00000000ef080000)
  from space 6656K, 0% used [0x00000000ef080000,0x00000000ef080000,0x00000000ef700000)
  to   space 8192K, 0% used [0x00000000f1100000,0x00000000f1100000,0x00000000f1900000)
 ParOldGen       total 58368K, used 20706K [0x00000000c1c00000, 0x00000000c5500000, 0x00000000eb400000)
  object space 58368K, 35% used [0x00000000c1c00000,0x00000000c3038ab8,0x00000000c5500000)
 Metaspace       used 34565K, capacity 35202K, committed 35416K, reserved 1079296K
  class space    used 4756K, capacity 4962K, committed 4992K, reserved 1048576K
}
Event: 49.491 GC heap before
{Heap before GC invocations=16 (full 2):
 PSYoungGen      total 68608K, used 15248K [0x00000000eb400000, 0x00000000f1900000, 0x0000000100000000)
  eden space 61952K, 24% used [0x00000000eb400000,0x00000000ec2e4140,0x00000000ef080000)
  from space 6656K, 0% used [0x00000000ef080000,0x00000000ef080000,0x00000000ef700000)
  to   space 8192K, 0% used [0x00000000f1100000,0x00000000f1100000,0x00000000f1900000)
 ParOldGen       total 58368K, used 20706K [0x00000000c1c00000, 0x00000000c5500000, 0x00000000eb400000)
  object space 58368K, 35% used [0x00000000c1c00000,0x00000000c3038ab8,0x00000000c5500000)
 Metaspace       used 39433K, capacity 40092K, committed 40280K, reserved 1087488K
  class space    used 5488K, capacity 5721K, committed 5760K, reserved 1048576K

